Using pre-set license
Built from '2021.3/staging' branch; Version is '2021.3.25f1 (68ef2c4f8861) revision 6876972'; Using compiler version '192829333'; Build Type 'Release'
OS: 'Windows 11  (10.0.22621) 64bit Professional' Language: 'en' Physical Memory: 65243 MB
BatchMode: 1, IsHumanControllingUs: 0, StartBugReporterOnCrash: 0, Is64bit: 1, IsPro: 1

COMMAND LINE ARGUMENTS:
C:\Program Files\Unity\Hub\Editor\2021.3.25f1\Editor\Unity.exe
-adb2
-batchMode
-noUpm
-name
AssetImportWorker0
-projectPath
C:/Users/User/ccole_Hour3and4
-logFile
Logs/AssetImportWorker0.log
-srvPort
64697
Successfully changed project path to: C:/Users/User/ccole_Hour3and4
C:/Users/User/ccole_Hour3and4
[UnityMemory] Configuration Parameters - Can be set up in boot.config
    "memorysetup-bucket-allocator-granularity=16"
    "memorysetup-bucket-allocator-bucket-count=8"
    "memorysetup-bucket-allocator-block-size=33554432"
    "memorysetup-bucket-allocator-block-count=8"
    "memorysetup-main-allocator-block-size=16777216"
    "memorysetup-thread-allocator-block-size=16777216"
    "memorysetup-gfx-main-allocator-block-size=16777216"
    "memorysetup-gfx-thread-allocator-block-size=16777216"
    "memorysetup-cache-allocator-block-size=4194304"
    "memorysetup-typetree-allocator-block-size=2097152"
    "memorysetup-profiler-bucket-allocator-granularity=16"
    "memorysetup-profiler-bucket-allocator-bucket-count=8"
    "memorysetup-profiler-bucket-allocator-block-size=33554432"
    "memorysetup-profiler-bucket-allocator-block-count=8"
    "memorysetup-profiler-allocator-block-size=16777216"
    "memorysetup-profiler-editor-allocator-block-size=1048576"
    "memorysetup-temp-allocator-size-main=16777216"
    "memorysetup-job-temp-allocator-block-size=2097152"
    "memorysetup-job-temp-allocator-block-size-background=1048576"
    "memorysetup-job-temp-allocator-reduction-small-platforms=262144"
    "memorysetup-temp-allocator-size-background-worker=32768"
    "memorysetup-temp-allocator-size-job-worker=262144"
    "memorysetup-temp-allocator-size-preload-manager=33554432"
    "memorysetup-temp-allocator-size-nav-mesh-worker=65536"
    "memorysetup-temp-allocator-size-audio-worker=65536"
    "memorysetup-temp-allocator-size-cloud-worker=32768"
    "memorysetup-temp-allocator-size-gi-baking-worker=262144"
    "memorysetup-temp-allocator-size-gfx=262144"
Player connection [39688] Host "[IP] 192.168.1.114 [Port] 0 [Flags] 2 [Guid] 1689280530 [EditorId] 1689280530 [Version] 1048832 [Id] WindowsEditor(7,DESKTOP-COLE9M9) [Debug] 1 [PackageName] WindowsEditor [ProjectName] Editor" joined multi-casting on [225.0.0.222:54997]...

Player connection [39688] Host "[IP] 192.168.1.114 [Port] 0 [Flags] 2 [Guid] 1689280530 [EditorId] 1689280530 [Version] 1048832 [Id] WindowsEditor(7,DESKTOP-COLE9M9) [Debug] 1 [PackageName] WindowsEditor [ProjectName] Editor" joined alternative multi-casting on [225.0.0.222:34997]...

Refreshing native plugins compatible for Editor in 38.14 ms, found 3 plugins.
Preloading 0 native plugins for Editor in 0.00 ms.
Initialize engine version: 2021.3.25f1 (68ef2c4f8861)
[Subsystems] Discovering subsystems at path C:/Program Files/Unity/Hub/Editor/2021.3.25f1/Editor/Data/Resources/UnitySubsystems
[Subsystems] Discovering subsystems at path C:/Users/User/ccole_Hour3and4/Assets
GfxDevice: creating device client; threaded=0; jobified=0
Direct3D:
    Version:  Direct3D 11.0 [level 11.1]
    Renderer: NVIDIA GeForce RTX 4090 (ID=0x2684)
    Vendor:   NVIDIA
    VRAM:     24142 MB
    Driver:   31.0.15.5161
Initialize mono
Mono path[0] = 'C:/Program Files/Unity/Hub/Editor/2021.3.25f1/Editor/Data/Managed'
Mono path[1] = 'C:/Program Files/Unity/Hub/Editor/2021.3.25f1/Editor/Data/MonoBleedingEdge/lib/mono/unityjit-win32'
Mono config path = 'C:/Program Files/Unity/Hub/Editor/2021.3.25f1/Editor/Data/MonoBleedingEdge/etc'
Using monoOptions --debugger-agent=transport=dt_socket,embedding=1,server=y,suspend=n,address=127.0.0.1:56056
Begin MonoManager ReloadAssembly
Registering precompiled unity dll's ...
Register platform support module: C:/Program Files/Unity/Hub/Editor/2021.3.25f1/Editor/Data/PlaybackEngines/WindowsStandaloneSupport/UnityEditor.WindowsStandalone.Extensions.dll
Registered in 0.003573 seconds.
Native extension for WindowsStandalone target not found
Refreshing native plugins compatible for Editor in 36.85 ms, found 3 plugins.
Preloading 0 native plugins for Editor in 0.00 ms.
Mono: successfully reloaded assembly
- Completed reload, in  0.341 seconds
Domain Reload Profiling:
	ReloadAssembly (341ms)
		BeginReloadAssembly (47ms)
			ExecutionOrderSort (0ms)
			DisableScriptedObjects (0ms)
			BackupInstance (0ms)
			ReleaseScriptingObjects (0ms)
			CreateAndSetChildDomain (0ms)
		EndReloadAssembly (240ms)
			LoadAssemblies (45ms)
			RebuildTransferFunctionScriptingTraits (0ms)
			SetupTypeCache (55ms)
			ReleaseScriptCaches (0ms)
			RebuildScriptCaches (15ms)
			SetupLoadedEditorAssemblies (142ms)
				LogAssemblyErrors (0ms)
				InitializePlatformSupportModulesInManaged (4ms)
				SetLoadedEditorAssemblies (0ms)
				RefreshPlugins (37ms)
				BeforeProcessingInitializeOnLoad (1ms)
				ProcessInitializeOnLoadAttributes (74ms)
				ProcessInitializeOnLoadMethodAttributes (25ms)
				AfterProcessingInitializeOnLoad (0ms)
				EditorAssembliesLoaded (0ms)
			ExecutionOrderSort2 (0ms)
			AwakeInstancesAfterBackupRestoration (0ms)
Platform modules already initialized, skipping
Registering precompiled user dll's ...
Registered in 0.002697 seconds.
Begin MonoManager ReloadAssembly
Symbol file LoadedFromMemory doesn't match image C:\Users\User\ccole_Hour3and4\Library\PackageCache\com.unity.visualscripting@1.8.0\Editor\VisualScripting.Core\Dependencies\YamlDotNet\Unity.VisualScripting.YamlDotNet.dll
Symbol file LoadedFromMemory doesn't match image C:\Users\User\ccole_Hour3and4\Library\PackageCache\com.unity.visualscripting@1.8.0\Editor\VisualScripting.Core\Dependencies\DotNetZip\Unity.VisualScripting.IonicZip.dll
Native extension for WindowsStandalone target not found
Refreshing native plugins compatible for Editor in 0.36 ms, found 3 plugins.
Preloading 0 native plugins for Editor in 0.00 ms.
Mono: successfully reloaded assembly
- Completed reload, in  0.522 seconds
Domain Reload Profiling:
	ReloadAssembly (523ms)
		BeginReloadAssembly (64ms)
			ExecutionOrderSort (0ms)
			DisableScriptedObjects (3ms)
			BackupInstance (0ms)
			ReleaseScriptingObjects (0ms)
			CreateAndSetChildDomain (10ms)
		EndReloadAssembly (400ms)
			LoadAssemblies (46ms)
			RebuildTransferFunctionScriptingTraits (0ms)
			SetupTypeCache (132ms)
			ReleaseScriptCaches (0ms)
			RebuildScriptCaches (26ms)
			SetupLoadedEditorAssemblies (179ms)
				LogAssemblyErrors (0ms)
				InitializePlatformSupportModulesInManaged (3ms)
				SetLoadedEditorAssemblies (0ms)
				RefreshPlugins (0ms)
				BeforeProcessingInitializeOnLoad (43ms)
				ProcessInitializeOnLoadAttributes (117ms)
				ProcessInitializeOnLoadMethodAttributes (10ms)
				AfterProcessingInitializeOnLoad (5ms)
				EditorAssembliesLoaded (0ms)
			ExecutionOrderSort2 (0ms)
			AwakeInstancesAfterBackupRestoration (4ms)
Platform modules already initialized, skipping
========================================================================
Worker process is ready to serve import requests
Launched and connected shader compiler UnityShaderCompiler.exe after 0.03 seconds
Refreshing native plugins compatible for Editor in 0.37 ms, found 3 plugins.
Preloading 0 native plugins for Editor in 0.00 ms.
Unloading 3049 Unused Serialized files (Serialized files now loaded: 0)
Unloading 22 unused Assets / (56.1 KB). Loaded Objects now: 3511.
Memory consumption went from 107.5 MB to 107.4 MB.
Total: 1.906400 ms (FindLiveObjects: 0.143000 ms CreateObjectMapping: 0.037200 ms MarkObjects: 1.675800 ms  DeleteObjects: 0.049700 ms)

AssetImportParameters requested are different than current active one (requested -> active):
  custom:video-decoder-ogg-theora: a1e56fd34408186e4bbccfd4996cb3dc -> 
  custom:container-muxer-webm: aa71ff27fc2769a1b78a27578f13a17b -> 
  custom:container-demuxer-webm: 4f35f7cbe854078d1ac9338744f61a02 -> 
  custom:video-encoder-webm-vp8: eb34c28f22e8b96e1ab97ce403110664 -> 
  custom:video-codec-MediaFoundation-h265: 746d11721c4dcdbdad8f713fa42b33f4 -> 
  custom:audio-encoder-webm-vorbis: bf7c407c2cedff20999df2af8eb42d56 -> 
  custom:framework-win-MediaFoundation: 216162199b28c13a410421893ffa2e32 -> 
  custom:container-demuxer-ogg: 62fdf1f143b41e24485cea50d1cbac27 -> 
  custom:video-decoder-webm-vp8: 9c59270c3fd7afecdb556c50c9e8de78 -> 
  custom:audio-decoder-ogg-vorbis: bf7c407c2cedff20999df2af8eb42d56 -> 
========================================================================
Received Import Request.
  Time since last request: 555.564668 seconds.
  path: Assets
  artifactKey: Guid(00000000000000001000000000000000) Importer(815301076,1909f56bfc062723c751e8b465ee728b)
Start importing Assets using Guid(00000000000000001000000000000000) Importer(815301076,1909f56bfc062723c751e8b465ee728b)  -> (artifact id: '79842766b460edbeab6a34051e857a80') in 0.008290 seconds 
========================================================================
Received Import Request.
  Time since last request: 1.762811 seconds.
  path: Assets/Models
  artifactKey: Guid(2f8983e55b9320645be97425ae894cb8) Importer(815301076,1909f56bfc062723c751e8b465ee728b)
Start importing Assets/Models using Guid(2f8983e55b9320645be97425ae894cb8) Importer(815301076,1909f56bfc062723c751e8b465ee728b)  -> (artifact id: '44fd7634e2d69631ca48a943d18614bc') in 0.005347 seconds 
========================================================================
Received Import Request.
  Time since last request: 293.515420 seconds.
  path: Assets/Models/G3HPTVWIP.fbx
  artifactKey: Guid(4152c470c0f5cef459c8696f9a49984f) Importer(815301076,1909f56bfc062723c751e8b465ee728b)
Start importing Assets/Models/G3HPTVWIP.fbx using Guid(4152c470c0f5cef459c8696f9a49984f) Importer(815301076,1909f56bfc062723c751e8b465ee728b)  -> (artifact id: '3306291da4c56587599caf961b779129') in 0.806360 seconds 
========================================================================
Received Import Request.
  Time since last request: 50.977883 seconds.
  path: Assets/Models/G3HPTVWIP.fbx
  artifactKey: Guid(4152c470c0f5cef459c8696f9a49984f) Importer(815301076,1909f56bfc062723c751e8b465ee728b)
Start importing Assets/Models/G3HPTVWIP.fbx using Guid(4152c470c0f5cef459c8696f9a49984f) Importer(815301076,1909f56bfc062723c751e8b465ee728b)  -> (artifact id: 'f03cda91f28640d649d52eb2d5154527') in 0.539202 seconds 
========================================================================
Received Import Request.
  Time since last request: 42.943976 seconds.
  path: Assets/UnityTechnologies/SpaceRobotKyle
  artifactKey: Guid(8777548f9acd343cfb8d44266b2666e1) Importer(815301076,1909f56bfc062723c751e8b465ee728b)
Start importing Assets/UnityTechnologies/SpaceRobotKyle using Guid(8777548f9acd343cfb8d44266b2666e1) Importer(815301076,1909f56bfc062723c751e8b465ee728b)  -> (artifact id: 'c710aa15b068b50bc7bc2ac13e3b141c') in 0.005835 seconds 
========================================================================
Received Import Request.
  Time since last request: 6.050502 seconds.
  path: Assets/UnityTechnologies/SpaceRobotKyle/Models
  artifactKey: Guid(78578abe586444a18a7f50cc65313a41) Importer(815301076,1909f56bfc062723c751e8b465ee728b)
Start importing Assets/UnityTechnologies/SpaceRobotKyle/Models using Guid(78578abe586444a18a7f50cc65313a41) Importer(815301076,1909f56bfc062723c751e8b465ee728b)  -> (artifact id: '1ca747d48843c2e09d459611139aab41') in 0.005925 seconds 
========================================================================
Received Import Request.
  Time since last request: 0.070174 seconds.
  path: Assets/UnityTechnologies/SpaceRobotKyle/Models/Robot Kyle.fbx
  artifactKey: Guid(320b1c2af77554f99a1658df4a6d3d5c) Importer(815301076,1909f56bfc062723c751e8b465ee728b)
Start importing Assets/UnityTechnologies/SpaceRobotKyle/Models/Robot Kyle.fbx using Guid(320b1c2af77554f99a1658df4a6d3d5c) Importer(815301076,1909f56bfc062723c751e8b465ee728b)  -> (artifact id: '99d7750fa6b62efc6e09a6f802ea48e1') in 0.038419 seconds 
========================================================================
Received Import Request.
  Time since last request: 9.999009 seconds.
  path: Assets/UnityTechnologies/SpaceRobotKyle/Materials
  artifactKey: Guid(39973b395d67e46bcb3ac2889cec975d) Importer(815301076,1909f56bfc062723c751e8b465ee728b)
Start importing Assets/UnityTechnologies/SpaceRobotKyle/Materials using Guid(39973b395d67e46bcb3ac2889cec975d) Importer(815301076,1909f56bfc062723c751e8b465ee728b)  -> (artifact id: '8207c8c8bdc85663f87a4f8e692cc722') in 0.008489 seconds 
========================================================================
Received Import Request.
  Time since last request: 0.054375 seconds.
  path: Assets/UnityTechnologies/SpaceRobotKyle/Materials/Robot_Color.mat
  artifactKey: Guid(0aa851515cd3747d6b3b3e461199a2ed) Importer(815301076,1909f56bfc062723c751e8b465ee728b)
Start importing Assets/UnityTechnologies/SpaceRobotKyle/Materials/Robot_Color.mat using Guid(0aa851515cd3747d6b3b3e461199a2ed) Importer(815301076,1909f56bfc062723c751e8b465ee728b)  -> (artifact id: '5d40d240eb3122d0da4944175cec6380') in 0.010336 seconds 
========================================================================
Received Import Request.
  Time since last request: 5.774748 seconds.
  path: Assets/UnityTechnologies/SpaceRobotKyle/Textures
  artifactKey: Guid(5fbdd9980f1ec4d6094276098e518a31) Importer(815301076,1909f56bfc062723c751e8b465ee728b)
Start importing Assets/UnityTechnologies/SpaceRobotKyle/Textures using Guid(5fbdd9980f1ec4d6094276098e518a31) Importer(815301076,1909f56bfc062723c751e8b465ee728b)  -> (artifact id: 'a9207e052277d6d46521e9de3f84c277') in 0.008660 seconds 
========================================================================
Received Import Request.
  Time since last request: 0.064800 seconds.
  path: Assets/UnityTechnologies/SpaceRobotKyle/Textures/Robot_Color.tga
  artifactKey: Guid(0a0e8af2869fa45f78e25460db578482) Importer(815301076,1909f56bfc062723c751e8b465ee728b)
Start importing Assets/UnityTechnologies/SpaceRobotKyle/Textures/Robot_Color.tga using Guid(0a0e8af2869fa45f78e25460db578482) Importer(815301076,1909f56bfc062723c751e8b465ee728b)  -> (artifact id: '9f3930dcb2569bb9f9992fd7d64fc458') in 0.030744 seconds 
========================================================================
Received Import Request.
  Time since last request: 31.480707 seconds.
  path: Assets/Textures
  artifactKey: Guid(046c7c721da8dec4d9b8570f448768da) Importer(815301076,1909f56bfc062723c751e8b465ee728b)
Start importing Assets/Textures using Guid(046c7c721da8dec4d9b8570f448768da) Importer(815301076,1909f56bfc062723c751e8b465ee728b)  -> (artifact id: 'd105bfbbdde8a5e862e04a6627b09781') in 0.001182 seconds 
========================================================================
Received Import Request.
  Time since last request: 3.817615 seconds.
  path: Assets/Materials
  artifactKey: Guid(5f7e1e4c4bd373b4eb79ca68be8c84aa) Importer(815301076,1909f56bfc062723c751e8b465ee728b)
Start importing Assets/Materials using Guid(5f7e1e4c4bd373b4eb79ca68be8c84aa) Importer(815301076,1909f56bfc062723c751e8b465ee728b)  -> (artifact id: '7aad5bb86e4b19e557fe3276187d4d1f') in 0.001392 seconds 
========================================================================
Received Import Request.
  Time since last request: 306.300801 seconds.
  path: Assets/Materials/Ring.mat
  artifactKey: Guid(e8408849b97d3324d9402e875f6f2e56) Importer(815301076,1909f56bfc062723c751e8b465ee728b)
Start importing Assets/Materials/Ring.mat using Guid(e8408849b97d3324d9402e875f6f2e56) Importer(815301076,1909f56bfc062723c751e8b465ee728b)  -> (artifact id: '2a3e7128584501e46766353b34ac3eb1') in 0.010885 seconds 
========================================================================
Received Import Request.
  Time since last request: 4.810669 seconds.
  path: Packages/com.unity.textmeshpro/Editor Resources/Textures/btn_AlignBaseLine.psd
  artifactKey: Guid(8bc445bb79654bf496c92d0407840a92) Importer(815301076,1909f56bfc062723c751e8b465ee728b)
Start importing Packages/com.unity.textmeshpro/Editor Resources/Textures/btn_AlignBaseLine.psd using Guid(8bc445bb79654bf496c92d0407840a92) Importer(815301076,1909f56bfc062723c751e8b465ee728b)  -> (artifact id: '9ded2a31ebd20ef3b2ea2f579614b108') in 0.018497 seconds 
========================================================================
Received Import Request.
  Time since last request: 0.002325 seconds.
  path: Packages/com.unity.textmeshpro/Editor Resources/Textures/btn_AlignCapLine.psd
  artifactKey: Guid(0d9a36012a224080966c7b55896aa0f9) Importer(815301076,1909f56bfc062723c751e8b465ee728b)
Start importing Packages/com.unity.textmeshpro/Editor Resources/Textures/btn_AlignCapLine.psd using Guid(0d9a36012a224080966c7b55896aa0f9) Importer(815301076,1909f56bfc062723c751e8b465ee728b)  -> (artifact id: 'cc92f8eb4b65ad9d0d0c6ddb164ca819') in 0.012629 seconds 
========================================================================
Received Import Request.
  Time since last request: 0.000013 seconds.
  path: Packages/com.unity.textmeshpro/Editor Resources/Textures/btn_AlignCenter_Light.psd
  artifactKey: Guid(6ace62d30f494c948b71d5594afce11d) Importer(815301076,1909f56bfc062723c751e8b465ee728b)
Start importing Packages/com.unity.textmeshpro/Editor Resources/Textures/btn_AlignCenter_Light.psd using Guid(6ace62d30f494c948b71d5594afce11d) Importer(815301076,1909f56bfc062723c751e8b465ee728b)  -> (artifact id: '899843b855b4b04352c674ad3909bd8a') in 0.013055 seconds 
========================================================================
Received Import Request.
  Time since last request: 0.000012 seconds.
  path: Packages/com.unity.textmeshpro/Editor Resources/Textures/btn_AlignCapLine_Light.psd
  artifactKey: Guid(49679f302ac6408697f6b9314a38985c) Importer(815301076,1909f56bfc062723c751e8b465ee728b)
Start importing Packages/com.unity.textmeshpro/Editor Resources/Textures/btn_AlignCapLine_Light.psd using Guid(49679f302ac6408697f6b9314a38985c) Importer(815301076,1909f56bfc062723c751e8b465ee728b)  -> (artifact id: '31933fc135bb4d4a0baf3a3ffde433d9') in 0.010720 seconds 
========================================================================
Received Import Request.
  Time since last request: 6.892685 seconds.
  path: Assets/Textures/fore_halo_ring_thruster_a_color{pc}.bitmap_result.png
  artifactKey: Guid(bf52137c786d1ac42a519b9d8e8af607) Importer(815301076,1909f56bfc062723c751e8b465ee728b)
Start importing Assets/Textures/fore_halo_ring_thruster_a_color{pc}.bitmap_result.png using Guid(bf52137c786d1ac42a519b9d8e8af607) Importer(815301076,1909f56bfc062723c751e8b465ee728b)  -> (artifact id: '46aeb31863d1e92d5e22840f2551eb1c') in 0.036228 seconds 
========================================================================
Received Import Request.
  Time since last request: 0.000016 seconds.
  path: Assets/Textures/fore_halo_ring_thruster_a_rohm{pc}.bitmap_result_Height.png
  artifactKey: Guid(b84f2942ab2548e42bf384a235aa6ad6) Importer(815301076,1909f56bfc062723c751e8b465ee728b)
Start importing Assets/Textures/fore_halo_ring_thruster_a_rohm{pc}.bitmap_result_Height.png using Guid(b84f2942ab2548e42bf384a235aa6ad6) Importer(815301076,1909f56bfc062723c751e8b465ee728b)  -> (artifact id: '2b4eb243443cd4c2ebc8b8325a63e3ee') in 0.012093 seconds 
========================================================================
Received Import Request.
  Time since last request: 0.000026 seconds.
  path: Assets/Textures/fore_halo_ring_thruster_a_rohm{pc}.bitmap_result_Metallic.png
  artifactKey: Guid(dff10bae1048e674295137c1a07967ea) Importer(815301076,1909f56bfc062723c751e8b465ee728b)
Start importing Assets/Textures/fore_halo_ring_thruster_a_rohm{pc}.bitmap_result_Metallic.png using Guid(dff10bae1048e674295137c1a07967ea) Importer(815301076,1909f56bfc062723c751e8b465ee728b)  -> (artifact id: '1ba2eef4c46eb9980de08cba8343dbcd') in 0.010530 seconds 
========================================================================
Received Import Request.
  Time since last request: 5.495453 seconds.
  path: Packages/com.unity.textmeshpro/Editor Resources/Textures/btn_AlignCenterGeo.psd
  artifactKey: Guid(c76700ea0062413d9f69409b4e9e151b) Importer(815301076,1909f56bfc062723c751e8b465ee728b)
Start importing Packages/com.unity.textmeshpro/Editor Resources/Textures/btn_AlignCenterGeo.psd using Guid(c76700ea0062413d9f69409b4e9e151b) Importer(815301076,1909f56bfc062723c751e8b465ee728b)  -> (artifact id: '9999cf0cd4802b21f76313d763efcc08') in 0.011838 seconds 
========================================================================
Received Import Request.
  Time since last request: 0.000013 seconds.
  path: Packages/com.unity.testtools.codecoverage/Editor/Icons/CodeCoverage@2x.png
  artifactKey: Guid(37164f8d49df70f448b593fa86e488f5) Importer(815301076,1909f56bfc062723c751e8b465ee728b)
Start importing Packages/com.unity.testtools.codecoverage/Editor/Icons/CodeCoverage@2x.png using Guid(37164f8d49df70f448b593fa86e488f5) Importer(815301076,1909f56bfc062723c751e8b465ee728b)  -> (artifact id: 'ef1d34e32008752a24de3b6d4e8fc593') in 0.009807 seconds 
========================================================================
Received Import Request.
  Time since last request: 25.258653 seconds.
  path: Packages/com.unity.collab-proxy/Editor/PlasticSCM/Assets/Images/d_iconcheckedoutlocaloverlay@2x.png
  artifactKey: Guid(8d98ab6168c3e91439339f1908b8fe97) Importer(815301076,1909f56bfc062723c751e8b465ee728b)
Start importing Packages/com.unity.collab-proxy/Editor/PlasticSCM/Assets/Images/d_iconcheckedoutlocaloverlay@2x.png using Guid(8d98ab6168c3e91439339f1908b8fe97) Importer(815301076,1909f56bfc062723c751e8b465ee728b)  -> (artifact id: '37944d8e3993608268c4198fce24cc52') in 0.016108 seconds 
========================================================================
Received Import Request.
  Time since last request: 0.000015 seconds.
  path: Packages/com.unity.textmeshpro/Editor Resources/Textures/SectionHeader_Light.psd
  artifactKey: Guid(e3b0f810fdea84e40ab4ba20f256f7e8) Importer(815301076,1909f56bfc062723c751e8b465ee728b)
Start importing Packages/com.unity.textmeshpro/Editor Resources/Textures/SectionHeader_Light.psd using Guid(e3b0f810fdea84e40ab4ba20f256f7e8) Importer(815301076,1909f56bfc062723c751e8b465ee728b)  -> (artifact id: 'dab96e5ab4b83b040f26aec37d258d81') in 0.012793 seconds 
========================================================================
Received Import Request.
  Time since last request: 0.000014 seconds.
  path: Packages/com.unity.textmeshpro/Editor Resources/Textures/SectionHeader_Dark.psd
  artifactKey: Guid(fb5730e24283d0c489e5c7d0bee023d9) Importer(815301076,1909f56bfc062723c751e8b465ee728b)
Start importing Packages/com.unity.textmeshpro/Editor Resources/Textures/SectionHeader_Dark.psd using Guid(fb5730e24283d0c489e5c7d0bee023d9) Importer(815301076,1909f56bfc062723c751e8b465ee728b)  -> (artifact id: '88525e00e3a134bed34998ad50aaf241') in 0.031799 seconds 
========================================================================
Received Import Request.
  Time since last request: 8.611587 seconds.
  path: Packages/com.unity.textmeshpro/Editor Resources/Textures/btn_AlignTop_Light.psd
  artifactKey: Guid(ed041e68439749a69d0efa0e3d896c2e) Importer(815301076,1909f56bfc062723c751e8b465ee728b)
Start importing Packages/com.unity.textmeshpro/Editor Resources/Textures/btn_AlignTop_Light.psd using Guid(ed041e68439749a69d0efa0e3d896c2e) Importer(815301076,1909f56bfc062723c751e8b465ee728b)  -> (artifact id: 'b35481a1dc10bd3679cb8628faec9660') in 0.015475 seconds 
========================================================================
Received Import Request.
  Time since last request: 0.449503 seconds.
  path: Packages/com.unity.collab-proxy/Editor/PlasticSCM/Assets/Images/d_iconaddedlocal@2x.png
  artifactKey: Guid(02800fb9cff14da47a04572790384d8b) Importer(815301076,1909f56bfc062723c751e8b465ee728b)
Start importing Packages/com.unity.collab-proxy/Editor/PlasticSCM/Assets/Images/d_iconaddedlocal@2x.png using Guid(02800fb9cff14da47a04572790384d8b) Importer(815301076,1909f56bfc062723c751e8b465ee728b)  -> (artifact id: 'f6a22fc023a7c83d311644f61741f436') in 0.018059 seconds 
Editor requested this worker to shutdown with reason: Scaling down because of idle timeout
AssetImportWorker is now disconnected from the server
Process exiting
Exiting without the bug reporter. Application will terminate with return code 0