Using pre-set license
Built from '2021.3/staging' branch; Version is '2021.3.25f1 (68ef2c4f8861) revision 6876972'; Using compiler version '192829333'; Build Type 'Release'
OS: 'Windows 11  (10.0.22621) 64bit Professional' Language: 'en' Physical Memory: 65243 MB
BatchMode: 1, IsHumanControllingUs: 0, StartBugReporterOnCrash: 0, Is64bit: 1, IsPro: 1

COMMAND LINE ARGUMENTS:
C:\Program Files\Unity\Hub\Editor\2021.3.25f1\Editor\Unity.exe
-adb2
-batchMode
-noUpm
-name
AssetImportWorker4
-projectPath
C:/Users/User/ccole_Hour3and4
-logFile
Logs/AssetImportWorker4.log
-srvPort
64697
Successfully changed project path to: C:/Users/User/ccole_Hour3and4
C:/Users/User/ccole_Hour3and4
[UnityMemory] Configuration Parameters - Can be set up in boot.config
    "memorysetup-bucket-allocator-granularity=16"
    "memorysetup-bucket-allocator-bucket-count=8"
    "memorysetup-bucket-allocator-block-size=33554432"
    "memorysetup-bucket-allocator-block-count=8"
    "memorysetup-main-allocator-block-size=16777216"
    "memorysetup-thread-allocator-block-size=16777216"
    "memorysetup-gfx-main-allocator-block-size=16777216"
    "memorysetup-gfx-thread-allocator-block-size=16777216"
    "memorysetup-cache-allocator-block-size=4194304"
    "memorysetup-typetree-allocator-block-size=2097152"
    "memorysetup-profiler-bucket-allocator-granularity=16"
    "memorysetup-profiler-bucket-allocator-bucket-count=8"
    "memorysetup-profiler-bucket-allocator-block-size=33554432"
    "memorysetup-profiler-bucket-allocator-block-count=8"
    "memorysetup-profiler-allocator-block-size=16777216"
    "memorysetup-profiler-editor-allocator-block-size=1048576"
    "memorysetup-temp-allocator-size-main=16777216"
    "memorysetup-job-temp-allocator-block-size=2097152"
    "memorysetup-job-temp-allocator-block-size-background=1048576"
    "memorysetup-job-temp-allocator-reduction-small-platforms=262144"
    "memorysetup-temp-allocator-size-background-worker=32768"
    "memorysetup-temp-allocator-size-job-worker=262144"
    "memorysetup-temp-allocator-size-preload-manager=33554432"
    "memorysetup-temp-allocator-size-nav-mesh-worker=65536"
    "memorysetup-temp-allocator-size-audio-worker=65536"
    "memorysetup-temp-allocator-size-cloud-worker=32768"
    "memorysetup-temp-allocator-size-gi-baking-worker=262144"
    "memorysetup-temp-allocator-size-gfx=262144"
Player connection [45868] Host "[IP] 192.168.1.114 [Port] 0 [Flags] 2 [Guid] 3165670839 [EditorId] 3165670839 [Version] 1048832 [Id] WindowsEditor(7,DESKTOP-COLE9M9) [Debug] 1 [PackageName] WindowsEditor [ProjectName] Editor" joined multi-casting on [225.0.0.222:54997]...

Player connection [45868] Host "[IP] 192.168.1.114 [Port] 0 [Flags] 2 [Guid] 3165670839 [EditorId] 3165670839 [Version] 1048832 [Id] WindowsEditor(7,DESKTOP-COLE9M9) [Debug] 1 [PackageName] WindowsEditor [ProjectName] Editor" joined alternative multi-casting on [225.0.0.222:34997]...

Refreshing native plugins compatible for Editor in 38.58 ms, found 3 plugins.
Preloading 0 native plugins for Editor in 0.00 ms.
Initialize engine version: 2021.3.25f1 (68ef2c4f8861)
[Subsystems] Discovering subsystems at path C:/Program Files/Unity/Hub/Editor/2021.3.25f1/Editor/Data/Resources/UnitySubsystems
[Subsystems] Discovering subsystems at path C:/Users/User/ccole_Hour3and4/Assets
GfxDevice: creating device client; threaded=0; jobified=0
Direct3D:
    Version:  Direct3D 11.0 [level 11.1]
    Renderer: NVIDIA GeForce RTX 4090 (ID=0x2684)
    Vendor:   NVIDIA
    VRAM:     24142 MB
    Driver:   31.0.15.5161
Initialize mono
Mono path[0] = 'C:/Program Files/Unity/Hub/Editor/2021.3.25f1/Editor/Data/Managed'
Mono path[1] = 'C:/Program Files/Unity/Hub/Editor/2021.3.25f1/Editor/Data/MonoBleedingEdge/lib/mono/unityjit-win32'
Mono config path = 'C:/Program Files/Unity/Hub/Editor/2021.3.25f1/Editor/Data/MonoBleedingEdge/etc'
Using monoOptions --debugger-agent=transport=dt_socket,embedding=1,server=y,suspend=n,address=127.0.0.1:56860
Begin MonoManager ReloadAssembly
Registering precompiled unity dll's ...
Register platform support module: C:/Program Files/Unity/Hub/Editor/2021.3.25f1/Editor/Data/PlaybackEngines/WindowsStandaloneSupport/UnityEditor.WindowsStandalone.Extensions.dll
Registered in 0.003124 seconds.
Native extension for WindowsStandalone target not found
Refreshing native plugins compatible for Editor in 37.88 ms, found 3 plugins.
Preloading 0 native plugins for Editor in 0.00 ms.
Mono: successfully reloaded assembly
- Completed reload, in  0.349 seconds
Domain Reload Profiling:
	ReloadAssembly (349ms)
		BeginReloadAssembly (46ms)
			ExecutionOrderSort (0ms)
			DisableScriptedObjects (0ms)
			BackupInstance (0ms)
			ReleaseScriptingObjects (0ms)
			CreateAndSetChildDomain (0ms)
		EndReloadAssembly (250ms)
			LoadAssemblies (45ms)
			RebuildTransferFunctionScriptingTraits (0ms)
			SetupTypeCache (55ms)
			ReleaseScriptCaches (0ms)
			RebuildScriptCaches (19ms)
			SetupLoadedEditorAssemblies (147ms)
				LogAssemblyErrors (0ms)
				InitializePlatformSupportModulesInManaged (5ms)
				SetLoadedEditorAssemblies (0ms)
				RefreshPlugins (38ms)
				BeforeProcessingInitializeOnLoad (1ms)
				ProcessInitializeOnLoadAttributes (78ms)
				ProcessInitializeOnLoadMethodAttributes (25ms)
				AfterProcessingInitializeOnLoad (0ms)
				EditorAssembliesLoaded (0ms)
			ExecutionOrderSort2 (0ms)
			AwakeInstancesAfterBackupRestoration (0ms)
Platform modules already initialized, skipping
Registering precompiled user dll's ...
Registered in 0.002791 seconds.
Begin MonoManager ReloadAssembly
Symbol file LoadedFromMemory doesn't match image C:\Users\User\ccole_Hour3and4\Library\PackageCache\com.unity.visualscripting@1.8.0\Editor\VisualScripting.Core\Dependencies\YamlDotNet\Unity.VisualScripting.YamlDotNet.dll
Symbol file LoadedFromMemory doesn't match image C:\Users\User\ccole_Hour3and4\Library\PackageCache\com.unity.visualscripting@1.8.0\Editor\VisualScripting.Core\Dependencies\DotNetZip\Unity.VisualScripting.IonicZip.dll
Native extension for WindowsStandalone target not found
Refreshing native plugins compatible for Editor in 0.35 ms, found 3 plugins.
Preloading 0 native plugins for Editor in 0.00 ms.
Mono: successfully reloaded assembly
- Completed reload, in  0.538 seconds
Domain Reload Profiling:
	ReloadAssembly (538ms)
		BeginReloadAssembly (72ms)
			ExecutionOrderSort (0ms)
			DisableScriptedObjects (3ms)
			BackupInstance (0ms)
			ReleaseScriptingObjects (0ms)
			CreateAndSetChildDomain (11ms)
		EndReloadAssembly (408ms)
			LoadAssemblies (49ms)
			RebuildTransferFunctionScriptingTraits (0ms)
			SetupTypeCache (135ms)
			ReleaseScriptCaches (0ms)
			RebuildScriptCaches (27ms)
			SetupLoadedEditorAssemblies (181ms)
				LogAssemblyErrors (0ms)
				InitializePlatformSupportModulesInManaged (3ms)
				SetLoadedEditorAssemblies (0ms)
				RefreshPlugins (0ms)
				BeforeProcessingInitializeOnLoad (42ms)
				ProcessInitializeOnLoadAttributes (121ms)
				ProcessInitializeOnLoadMethodAttributes (10ms)
				AfterProcessingInitializeOnLoad (4ms)
				EditorAssembliesLoaded (0ms)
			ExecutionOrderSort2 (0ms)
			AwakeInstancesAfterBackupRestoration (4ms)
Platform modules already initialized, skipping
========================================================================
Worker process is ready to serve import requests
Launched and connected shader compiler UnityShaderCompiler.exe after 0.02 seconds
Refreshing native plugins compatible for Editor in 0.34 ms, found 3 plugins.
Preloading 0 native plugins for Editor in 0.00 ms.
Unloading 3049 Unused Serialized files (Serialized files now loaded: 0)
Unloading 22 unused Assets / (56.5 KB). Loaded Objects now: 3511.
Memory consumption went from 107.6 MB to 107.6 MB.
Total: 2.137300 ms (FindLiveObjects: 0.158400 ms CreateObjectMapping: 0.055100 ms MarkObjects: 1.862200 ms  DeleteObjects: 0.060700 ms)

AssetImportParameters requested are different than current active one (requested -> active):
  custom:video-decoder-ogg-theora: a1e56fd34408186e4bbccfd4996cb3dc -> 
  custom:container-muxer-webm: aa71ff27fc2769a1b78a27578f13a17b -> 
  custom:container-demuxer-webm: 4f35f7cbe854078d1ac9338744f61a02 -> 
  custom:video-encoder-webm-vp8: eb34c28f22e8b96e1ab97ce403110664 -> 
  custom:video-codec-MediaFoundation-h265: 746d11721c4dcdbdad8f713fa42b33f4 -> 
  custom:audio-encoder-webm-vorbis: bf7c407c2cedff20999df2af8eb42d56 -> 
  custom:framework-win-MediaFoundation: 216162199b28c13a410421893ffa2e32 -> 
  custom:container-demuxer-ogg: 62fdf1f143b41e24485cea50d1cbac27 -> 
  custom:video-decoder-webm-vp8: 9c59270c3fd7afecdb556c50c9e8de78 -> 
  custom:audio-decoder-ogg-vorbis: bf7c407c2cedff20999df2af8eb42d56 -> 
========================================================================
Received Import Request.
  Time since last request: 1503.129539 seconds.
  path: Assets/Textures/fore_halo_ring_thruster_a_color{pc}.bitmap_result.png
  artifactKey: Guid(bf52137c786d1ac42a519b9d8e8af607) Importer(815301076,1909f56bfc062723c751e8b465ee728b)
Start importing Assets/Textures/fore_halo_ring_thruster_a_color{pc}.bitmap_result.png using Guid(bf52137c786d1ac42a519b9d8e8af607) Importer(815301076,1909f56bfc062723c751e8b465ee728b)  -> (artifact id: '791dc9206813c419ad129f80ba37b28e') in 0.078432 seconds 
========================================================================
Received Import Request.
  Time since last request: 5.724293 seconds.
  path: Assets/Textures/fore_halo_ring_thruster_a_rohm{pc}.bitmap_result_Height.png
  artifactKey: Guid(b84f2942ab2548e42bf384a235aa6ad6) Importer(815301076,1909f56bfc062723c751e8b465ee728b)
Start importing Assets/Textures/fore_halo_ring_thruster_a_rohm{pc}.bitmap_result_Height.png using Guid(b84f2942ab2548e42bf384a235aa6ad6) Importer(815301076,1909f56bfc062723c751e8b465ee728b)  -> (artifact id: '829502ebc01e90e5af265c6dca8035ce') in 0.011778 seconds 
========================================================================
Received Import Request.
  Time since last request: 0.000014 seconds.
  path: Assets/Textures/fore_halo_ring_thruster_a_color{pc}.bitmap_result.png
  artifactKey: Guid(bf52137c786d1ac42a519b9d8e8af607) Importer(815301076,1909f56bfc062723c751e8b465ee728b)
Start importing Assets/Textures/fore_halo_ring_thruster_a_color{pc}.bitmap_result.png using Guid(bf52137c786d1ac42a519b9d8e8af607) Importer(815301076,1909f56bfc062723c751e8b465ee728b)  -> (artifact id: 'c0d49519811164e9d060b5d3ffcd6559') in 0.009392 seconds 
========================================================================
Received Import Request.
  Time since last request: 4.783358 seconds.
  path: Assets/Textures/fore_halo_ring_thruster_a_rohm{pc}.bitmap_result_Metallic.png
  artifactKey: Guid(dff10bae1048e674295137c1a07967ea) Importer(815301076,1909f56bfc062723c751e8b465ee728b)
Start importing Assets/Textures/fore_halo_ring_thruster_a_rohm{pc}.bitmap_result_Metallic.png using Guid(dff10bae1048e674295137c1a07967ea) Importer(815301076,1909f56bfc062723c751e8b465ee728b)  -> (artifact id: 'bed2cb9836431a6fc3c12e43597a98f9') in 0.013616 seconds 
========================================================================
Received Import Request.
  Time since last request: 2.925465 seconds.
  path: Assets/Textures/fore_halo_ring_thruster_a_rohm{pc}.bitmap_result_Occlusion.png
  artifactKey: Guid(a346df46e2e54504585c4d6f521d5a40) Importer(815301076,1909f56bfc062723c751e8b465ee728b)
Start importing Assets/Textures/fore_halo_ring_thruster_a_rohm{pc}.bitmap_result_Occlusion.png using Guid(a346df46e2e54504585c4d6f521d5a40) Importer(815301076,1909f56bfc062723c751e8b465ee728b)  -> (artifact id: 'dd9845a89ee7074be03ade5cff9f9201') in 0.010783 seconds 
========================================================================
Received Import Request.
  Time since last request: 2.721227 seconds.
  path: Assets/Textures/fore_halo_ring_thruster_a_emissive{pc}.bitmap_result.png
  artifactKey: Guid(12788eff82eb5f34d9260cbd4c5c27ba) Importer(815301076,1909f56bfc062723c751e8b465ee728b)
Start importing Assets/Textures/fore_halo_ring_thruster_a_emissive{pc}.bitmap_result.png using Guid(12788eff82eb5f34d9260cbd4c5c27ba) Importer(815301076,1909f56bfc062723c751e8b465ee728b)  -> (artifact id: '7a4cb939bb3418fb34ba6911215d793b') in 0.010118 seconds 
========================================================================
Received Import Request.
  Time since last request: 90.610804 seconds.
  path: Assets/Materials/Ring.mat
  artifactKey: Guid(e8408849b97d3324d9402e875f6f2e56) Importer(815301076,1909f56bfc062723c751e8b465ee728b)
Start importing Assets/Materials/Ring.mat using Guid(e8408849b97d3324d9402e875f6f2e56) Importer(815301076,1909f56bfc062723c751e8b465ee728b)  -> (artifact id: 'b53d87d7717af58a3ce9932c7c25da95') in 0.110047 seconds 
========================================================================
Received Import Request.
  Time since last request: 229.820884 seconds.
  path: Assets/Scenes
  artifactKey: Guid(6ea315d0fd7389c41b19996891e99ae3) Importer(815301076,1909f56bfc062723c751e8b465ee728b)
Start importing Assets/Scenes using Guid(6ea315d0fd7389c41b19996891e99ae3) Importer(815301076,1909f56bfc062723c751e8b465ee728b)  -> (artifact id: 'b8193726cff86800c54781cdc6d54904') in 0.009091 seconds 
========================================================================
Received Import Request.
  Time since last request: 10.353501 seconds.
  path: Assets/Scenes/SampleScene.unity
  artifactKey: Guid(9fc0d4010bbf28b4594072e72b8655ab) Importer(815301076,1909f56bfc062723c751e8b465ee728b)
Start importing Assets/Scenes/SampleScene.unity using Guid(9fc0d4010bbf28b4594072e72b8655ab) Importer(815301076,1909f56bfc062723c751e8b465ee728b)  -> (artifact id: 'c642ca0178935e92b275be3cb1ac751a') in 0.005921 seconds 
========================================================================
Received Import Request.
  Time since last request: 1.724777 seconds.
  path: Assets/Scenes/TryItYourself Hour 2.unity
  artifactKey: Guid(c5706c164dd37434cac02615fa96d1e7) Importer(815301076,1909f56bfc062723c751e8b465ee728b)
Start importing Assets/Scenes/TryItYourself Hour 2.unity using Guid(c5706c164dd37434cac02615fa96d1e7) Importer(815301076,1909f56bfc062723c751e8b465ee728b)  -> (artifact id: '363925c8582d108a699ccaf88b842a46') in 0.005158 seconds 
========================================================================
Received Import Request.
  Time since last request: 10.541163 seconds.
  path: Assets/Scenes/ccolehour1&2.unity
  artifactKey: Guid(94512a2a4e384af48b49218c863fe468) Importer(815301076,1909f56bfc062723c751e8b465ee728b)
Start importing Assets/Scenes/ccolehour1&2.unity using Guid(94512a2a4e384af48b49218c863fe468) Importer(815301076,1909f56bfc062723c751e8b465ee728b)  -> (artifact id: '8a0cc8f9914c66670a5022cd558a11c4') in 0.001953 seconds 
========================================================================
Received Import Request.
  Time since last request: 27.834600 seconds.
  path: Assets/Scenes/ccole_Hour3and4.unity
  artifactKey: Guid(3525e7c91fa36874282722f66bafa9bf) Importer(815301076,1909f56bfc062723c751e8b465ee728b)
Start importing Assets/Scenes/ccole_Hour3and4.unity using Guid(3525e7c91fa36874282722f66bafa9bf) Importer(815301076,1909f56bfc062723c751e8b465ee728b)  -> (artifact id: 'd82c0ded31dc4972064aff8a4e402bc6') in 0.008420 seconds 
========================================================================
Received Import Request.
  Time since last request: 323.588142 seconds.
  path: Assets/Scenes/ccolehour1&2.unity
  artifactKey: Guid(94512a2a4e384af48b49218c863fe468) Importer(815301076,1909f56bfc062723c751e8b465ee728b)
Start importing Assets/Scenes/ccolehour1&2.unity using Guid(94512a2a4e384af48b49218c863fe468) Importer(815301076,1909f56bfc062723c751e8b465ee728b)  -> (artifact id: '8d3667a7eee4d7cf995249e38abf0d9b') in 0.001711 seconds 
========================================================================
Received Import Request.
  Time since last request: 3.792181 seconds.
  path: Assets/UnityTechnologies
  artifactKey: Guid(f5d9ba6950ae3464d9ea945d527a7257) Importer(815301076,1909f56bfc062723c751e8b465ee728b)
Start importing Assets/UnityTechnologies using Guid(f5d9ba6950ae3464d9ea945d527a7257) Importer(815301076,1909f56bfc062723c751e8b465ee728b)  -> (artifact id: '3e9ee7aa6a5c74f2759554a8b5b03a61') in 0.006296 seconds 
========================================================================
Received Import Request.
  Time since last request: 14.375362 seconds.
  path: Assets/Scenes/ccolehour3.unity
  artifactKey: Guid(94512a2a4e384af48b49218c863fe468) Importer(815301076,1909f56bfc062723c751e8b465ee728b)
Start importing Assets/Scenes/ccolehour3.unity using Guid(94512a2a4e384af48b49218c863fe468) Importer(815301076,1909f56bfc062723c751e8b465ee728b)  -> (artifact id: 'd8b2ff039b92a182e586dff8ae934214') in 0.008180 seconds 
========================================================================
Received Import Request.
  Time since last request: 21.878203 seconds.
  path: Assets/Scenes/ccole_TryItYourself(h3and4).unity
  artifactKey: Guid(3525e7c91fa36874282722f66bafa9bf) Importer(815301076,1909f56bfc062723c751e8b465ee728b)
Start importing Assets/Scenes/ccole_TryItYourself(h3and4).unity using Guid(3525e7c91fa36874282722f66bafa9bf) Importer(815301076,1909f56bfc062723c751e8b465ee728b)  -> (artifact id: '304ed75d717f5faaa6c6b9f5e35d303e') in 0.015270 seconds 
